This file contains any messages produced by compilers while
running configure, to aid debugging if configure makes a mistake.

It was created by Honkinator configure 3000, which was
generated by GNU Autoconf 2.69.  Invocation command line was

  $ ./configure --host=x86_64-w64-mingw32

## --------- ##
## Platform. ##
## --------- ##

hostname = arch-bedroom
uname -m = x86_64
uname -r = 4.12.13-1-ARCH
uname -s = Linux
uname -v = #1 SMP PREEMPT Fri Sep 15 06:36:43 UTC 2017

/usr/bin/uname -p = unknown
/bin/uname -X     = unknown

/bin/arch              = unknown
/usr/bin/arch -k       = unknown
/usr/convex/getsysinfo = unknown
/usr/bin/hostinfo      = unknown
/bin/machine           = unknown
/usr/bin/oslevel       = unknown
/bin/universe          = unknown

PATH: /usr/local/sbin
PATH: /usr/local/bin
PATH: /usr/bin
PATH: /usr/lib/emscripten
PATH: /usr/lib/jvm/default/bin
PATH: /usr/bin/site_perl
PATH: /usr/bin/vendor_perl
PATH: /usr/bin/core_perl
PATH: /usr/local/share/gcc4ti/bin


## ----------- ##
## Core tests. ##
## ----------- ##

configure:2264: checking for C++ compiler version
configure:2273: x86_64-w64-mingw32-g++ --version >&5
x86_64-w64-mingw32-g++ (GCC) 7.2.0
Copyright (C) 2017 Free Software Foundation, Inc.
This is free software; see the source for copying conditions.  There is NO
warranty; not even for MERCHANTABILITY or FITNESS FOR A PARTICULAR PURPOSE.

configure:2284: $? = 0
configure:2273: x86_64-w64-mingw32-g++ -v >&5
Using built-in specs.
COLLECT_GCC=x86_64-w64-mingw32-g++
COLLECT_LTO_WRAPPER=/usr/lib/gcc/x86_64-w64-mingw32/7.2.0/lto-wrapper
Target: x86_64-w64-mingw32
Configured with: /build/mingw-w64-gcc/src/gcc/configure --prefix=/usr --libexecdir=/usr/lib --target=x86_64-w64-mingw32 --enable-languages=c,lto,c++,objc,obj-c++,fortran,ada --enable-shared --enable-static --enable-threads=posix --enable-fully-dynamic-string --enable-libstdcxx-time=yes --with-system-zlib --enable-cloog-backend=isl --enable-lto --disable-dw2-exceptions --enable-libgomp --disable-multilib --enable-checking=release
Thread model: posix
gcc version 7.2.0 (GCC) 
configure:2284: $? = 0
configure:2273: x86_64-w64-mingw32-g++ -V >&5
x86_64-w64-mingw32-g++: error: unrecognized command line option '-V'
x86_64-w64-mingw32-g++: fatal error: no input files
compilation terminated.
configure:2284: $? = 1
configure:2273: x86_64-w64-mingw32-g++ -qversion >&5
x86_64-w64-mingw32-g++: error: unrecognized command line option '-qversion'; did you mean '--version'?
x86_64-w64-mingw32-g++: fatal error: no input files
compilation terminated.
configure:2284: $? = 1
configure:2304: checking whether the C++ compiler works
configure:2326: x86_64-w64-mingw32-g++    conftest.cpp  >&5
configure:2330: $? = 0
configure:2378: result: yes
configure:2381: checking for C++ compiler default output file name
configure:2383: result: a.exe
configure:2389: checking for suffix of executables
configure:2396: x86_64-w64-mingw32-g++ -o conftest.exe    conftest.cpp  >&5
configure:2400: $? = 0
configure:2422: result: .exe
configure:2444: checking whether we are cross compiling
configure:2452: x86_64-w64-mingw32-g++ -o conftest.exe    conftest.cpp  >&5
configure:2456: $? = 0
configure:2463: ./conftest.exe
Cannot open assembly './conftest.exe': File does not contain a valid CIL image.
configure:2467: $? = 2
configure:2482: result: yes
configure:2487: checking for suffix of object files
configure:2509: x86_64-w64-mingw32-g++ -c   conftest.cpp >&5
configure:2513: $? = 0
configure:2534: result: o
configure:2538: checking whether we are using the GNU C++ compiler
configure:2557: x86_64-w64-mingw32-g++ -c   conftest.cpp >&5
configure:2557: $? = 0
configure:2566: result: yes
configure:2575: checking whether x86_64-w64-mingw32-g++ accepts -g
configure:2595: x86_64-w64-mingw32-g++ -c -g  conftest.cpp >&5
configure:2595: $? = 0
configure:2636: result: yes
configure:2667: checking how to run the C++ preprocessor
configure:2694: x86_64-w64-mingw32-g++ -E  conftest.cpp
configure:2694: $? = 0
configure:2708: x86_64-w64-mingw32-g++ -E  conftest.cpp
conftest.cpp:9:10: fatal error: ac_nonexistent.h: No such file or directory
 #include <ac_nonexistent.h>
          ^~~~~~~~~~~~~~~~~~
compilation terminated.
configure:2708: $? = 1
configure: failed program was:
| /* confdefs.h */
| #define PACKAGE_NAME "Honkinator"
| #define PACKAGE_TARNAME "honk3000"
| #define PACKAGE_VERSION "3000"
| #define PACKAGE_STRING "Honkinator 3000"
| #define PACKAGE_BUGREPORT "<darkfm@vera.com.uy>"
| #define PACKAGE_URL ""
| /* end confdefs.h.  */
| #include <ac_nonexistent.h>
configure:2733: result: x86_64-w64-mingw32-g++ -E
configure:2753: x86_64-w64-mingw32-g++ -E  conftest.cpp
configure:2753: $? = 0
configure:2767: x86_64-w64-mingw32-g++ -E  conftest.cpp
conftest.cpp:9:10: fatal error: ac_nonexistent.h: No such file or directory
 #include <ac_nonexistent.h>
          ^~~~~~~~~~~~~~~~~~
compilation terminated.
configure:2767: $? = 1
configure: failed program was:
| /* confdefs.h */
| #define PACKAGE_NAME "Honkinator"
| #define PACKAGE_TARNAME "honk3000"
| #define PACKAGE_VERSION "3000"
| #define PACKAGE_STRING "Honkinator 3000"
| #define PACKAGE_BUGREPORT "<darkfm@vera.com.uy>"
| #define PACKAGE_URL ""
| /* end confdefs.h.  */
| #include <ac_nonexistent.h>
configure:2796: checking for grep that handles long lines and -e
configure:2854: result: /usr/bin/grep
configure:2859: checking for egrep
configure:2921: result: /usr/bin/grep -E
configure:2926: checking for ANSI C header files
configure:2946: x86_64-w64-mingw32-g++ -c -g -O2  conftest.cpp >&5
configure:2946: $? = 0
configure:3030: result: yes
configure:3043: checking for sys/types.h
configure:3043: x86_64-w64-mingw32-g++ -c -g -O2  conftest.cpp >&5
configure:3043: $? = 0
configure:3043: result: yes
configure:3043: checking for sys/stat.h
configure:3043: x86_64-w64-mingw32-g++ -c -g -O2  conftest.cpp >&5
configure:3043: $? = 0
configure:3043: result: yes
configure:3043: checking for stdlib.h
configure:3043: x86_64-w64-mingw32-g++ -c -g -O2  conftest.cpp >&5
configure:3043: $? = 0
configure:3043: result: yes
configure:3043: checking for string.h
configure:3043: x86_64-w64-mingw32-g++ -c -g -O2  conftest.cpp >&5
configure:3043: $? = 0
configure:3043: result: yes
configure:3043: checking for memory.h
configure:3043: x86_64-w64-mingw32-g++ -c -g -O2  conftest.cpp >&5
configure:3043: $? = 0
configure:3043: result: yes
configure:3043: checking for strings.h
configure:3043: x86_64-w64-mingw32-g++ -c -g -O2  conftest.cpp >&5
configure:3043: $? = 0
configure:3043: result: yes
configure:3043: checking for inttypes.h
configure:3043: x86_64-w64-mingw32-g++ -c -g -O2  conftest.cpp >&5
configure:3043: $? = 0
configure:3043: result: yes
configure:3043: checking for stdint.h
configure:3043: x86_64-w64-mingw32-g++ -c -g -O2  conftest.cpp >&5
configure:3043: $? = 0
configure:3043: result: yes
configure:3043: checking for unistd.h
configure:3043: x86_64-w64-mingw32-g++ -c -g -O2  conftest.cpp >&5
configure:3043: $? = 0
configure:3043: result: yes
configure:3058: checking FL/Fl.H usability
configure:3058: x86_64-w64-mingw32-g++ -c -g -O2  conftest.cpp >&5
configure:3058: $? = 0
configure:3058: result: yes
configure:3058: checking FL/Fl.H presence
configure:3058: x86_64-w64-mingw32-g++ -E  conftest.cpp
configure:3058: $? = 0
configure:3058: result: yes
configure:3058: checking for FL/Fl.H
configure:3058: result: yes
configure:3068: checking for main in -lfltk
configure:3087: x86_64-w64-mingw32-g++ -o conftest.exe -g -O2   conftest.cpp -lfltk   >&5
configure:3087: $? = 0
configure:3096: result: yes
configure:3111: checking for main in -lfltk_images
configure:3130: x86_64-w64-mingw32-g++ -o conftest.exe -g -O2   conftest.cpp -lfltk_images  -lfltk  >&5
configure:3130: $? = 0
configure:3139: result: yes
configure:3159: checking for stdlib.h
configure:3159: result: yes
configure:3159: checking for string.h
configure:3159: result: yes
configure:3171: checking for unistd.h
configure:3171: result: yes
configure:3183: checking for size_t
configure:3183: x86_64-w64-mingw32-g++ -c -g -O2  conftest.cpp >&5
configure:3183: $? = 0
configure:3183: x86_64-w64-mingw32-g++ -c -g -O2  conftest.cpp >&5
conftest.cpp: In function 'int main()':
conftest.cpp:61:20: error: expected primary-expression before ')' token
 if (sizeof ((size_t)))
                    ^
configure:3183: $? = 1
configure: failed program was:
| /* confdefs.h */
| #define PACKAGE_NAME "Honkinator"
| #define PACKAGE_TARNAME "honk3000"
| #define PACKAGE_VERSION "3000"
| #define PACKAGE_STRING "Honkinator 3000"
| #define PACKAGE_BUGREPORT "<darkfm@vera.com.uy>"
| #define PACKAGE_URL ""
| #define STDC_HEADERS 1
| #define HAVE_SYS_TYPES_H 1
| #define HAVE_SYS_STAT_H 1
| #define HAVE_STDLIB_H 1
| #define HAVE_STRING_H 1
| #define HAVE_MEMORY_H 1
| #define HAVE_STRINGS_H 1
| #define HAVE_INTTYPES_H 1
| #define HAVE_STDINT_H 1
| #define HAVE_UNISTD_H 1
| #define HAVE_FL_FL_H 1
| #define HAVE_LIBFLTK 1
| #define HAVE_LIBFLTK_IMAGES 1
| #define HAVE_STDLIB_H 1
| #define HAVE_STRING_H 1
| #define HAVE_UNISTD_H 1
| /* end confdefs.h.  */
| #include <stdio.h>
| #ifdef HAVE_SYS_TYPES_H
| # include <sys/types.h>
| #endif
| #ifdef HAVE_SYS_STAT_H
| # include <sys/stat.h>
| #endif
| #ifdef STDC_HEADERS
| # include <stdlib.h>
| # include <stddef.h>
| #else
| # ifdef HAVE_STDLIB_H
| #  include <stdlib.h>
| # endif
| #endif
| #ifdef HAVE_STRING_H
| # if !defined STDC_HEADERS && defined HAVE_MEMORY_H
| #  include <memory.h>
| # endif
| # include <string.h>
| #endif
| #ifdef HAVE_STRINGS_H
| # include <strings.h>
| #endif
| #ifdef HAVE_INTTYPES_H
| # include <inttypes.h>
| #endif
| #ifdef HAVE_STDINT_H
| # include <stdint.h>
| #endif
| #ifdef HAVE_UNISTD_H
| # include <unistd.h>
| #endif
| int
| main ()
| {
| if (sizeof ((size_t)))
| 	    return 0;
|   ;
|   return 0;
| }
configure:3183: result: yes
configure:3198: checking for stdlib.h
configure:3198: result: yes
configure:3208: checking for GNU libc compatible malloc
configure:3242: result: no
configure:3265: checking for strdup
configure:3265: x86_64-w64-mingw32-g++ -o conftest.exe -g -O2   conftest.cpp -lfltk_images -lfltk  >&5
conftest.cpp:51:6: warning: declaration of 'char strdup()' conflicts with built-in declaration 'char* strdup(const char*)' [-Wbuiltin-declaration-mismatch]
 char strdup ();
      ^~~~~~
configure:3265: $? = 0
configure:3265: result: yes
configure:3391: creating ./config.status

## ---------------------- ##
## Running config.status. ##
## ---------------------- ##

This file was extended by Honkinator config.status 3000, which was
generated by GNU Autoconf 2.69.  Invocation command line was

  CONFIG_FILES    = 
  CONFIG_HEADERS  = 
  CONFIG_LINKS    = 
  CONFIG_COMMANDS = 
  $ ./config.status 

on arch-bedroom

config.status:807: creating Makefile
config.status:807: creating config.h
config.status:977: config.h is unchanged

## ---------------- ##
## Cache variables. ##
## ---------------- ##

ac_cv_cxx_compiler_gnu=yes
ac_cv_env_CCC_set=
ac_cv_env_CCC_value=
ac_cv_env_CPPFLAGS_set=
ac_cv_env_CPPFLAGS_value=
ac_cv_env_CXXCPP_set=
ac_cv_env_CXXCPP_value=
ac_cv_env_CXXFLAGS_set=
ac_cv_env_CXXFLAGS_value=
ac_cv_env_CXX_set=set
ac_cv_env_CXX_value=x86_64-w64-mingw32-g++
ac_cv_env_LDFLAGS_set=
ac_cv_env_LDFLAGS_value=
ac_cv_env_LIBS_set=
ac_cv_env_LIBS_value=
ac_cv_env_build_alias_set=
ac_cv_env_build_alias_value=
ac_cv_env_host_alias_set=set
ac_cv_env_host_alias_value=x86_64-w64-mingw32
ac_cv_env_target_alias_set=
ac_cv_env_target_alias_value=
ac_cv_exeext=.exe
ac_cv_func_malloc_0_nonnull=no
ac_cv_func_strdup=yes
ac_cv_header_FL_Fl_H=yes
ac_cv_header_inttypes_h=yes
ac_cv_header_memory_h=yes
ac_cv_header_stdc=yes
ac_cv_header_stdint_h=yes
ac_cv_header_stdlib_h=yes
ac_cv_header_string_h=yes
ac_cv_header_strings_h=yes
ac_cv_header_sys_stat_h=yes
ac_cv_header_sys_types_h=yes
ac_cv_header_unistd_h=yes
ac_cv_lib_fltk_images_main=yes
ac_cv_lib_fltk_main=yes
ac_cv_objext=o
ac_cv_path_EGREP='/usr/bin/grep -E'
ac_cv_path_GREP=/usr/bin/grep
ac_cv_prog_CXXCPP='x86_64-w64-mingw32-g++ -E'
ac_cv_prog_cxx_g=yes
ac_cv_type_size_t=yes

## ----------------- ##
## Output variables. ##
## ----------------- ##

CPPFLAGS=''
CXX='x86_64-w64-mingw32-g++'
CXXCPP='x86_64-w64-mingw32-g++ -E'
CXXFLAGS='-g -O2'
DEFS='-DHAVE_CONFIG_H'
ECHO_C=''
ECHO_N='-n'
ECHO_T=''
EGREP='/usr/bin/grep -E'
EXEEXT='.exe'
GREP='/usr/bin/grep'
LDFLAGS=''
LIBOBJS=' ${LIBOBJDIR}malloc$U.o'
LIBS='-lfltk_images -lfltk '
LTLIBOBJS=' ${LIBOBJDIR}malloc$U.lo'
OBJEXT='o'
PACKAGE_BUGREPORT='<darkfm@vera.com.uy>'
PACKAGE_NAME='Honkinator'
PACKAGE_STRING='Honkinator 3000'
PACKAGE_TARNAME='honk3000'
PACKAGE_URL=''
PACKAGE_VERSION='3000'
PATH_SEPARATOR=':'
SHELL='/bin/sh'
ac_ct_CXX=''
bindir='${exec_prefix}/bin'
build_alias=''
datadir='${datarootdir}'
datarootdir='${prefix}/share'
docdir='${datarootdir}/doc/${PACKAGE_TARNAME}'
dvidir='${docdir}'
exec_prefix='${prefix}'
host_alias='x86_64-w64-mingw32'
htmldir='${docdir}'
includedir='${prefix}/include'
infodir='${datarootdir}/info'
libdir='${exec_prefix}/lib'
libexecdir='${exec_prefix}/libexec'
localedir='${datarootdir}/locale'
localstatedir='${prefix}/var'
mandir='${datarootdir}/man'
oldincludedir='/usr/include'
pdfdir='${docdir}'
prefix='/usr/local'
program_transform_name='s,x,x,'
psdir='${docdir}'
sbindir='${exec_prefix}/sbin'
sharedstatedir='${prefix}/com'
sysconfdir='${prefix}/etc'
target_alias=''

## ----------- ##
## confdefs.h. ##
## ----------- ##

/* confdefs.h */
#define PACKAGE_NAME "Honkinator"
#define PACKAGE_TARNAME "honk3000"
#define PACKAGE_VERSION "3000"
#define PACKAGE_STRING "Honkinator 3000"
#define PACKAGE_BUGREPORT "<darkfm@vera.com.uy>"
#define PACKAGE_URL ""
#define STDC_HEADERS 1
#define HAVE_SYS_TYPES_H 1
#define HAVE_SYS_STAT_H 1
#define HAVE_STDLIB_H 1
#define HAVE_STRING_H 1
#define HAVE_MEMORY_H 1
#define HAVE_STRINGS_H 1
#define HAVE_INTTYPES_H 1
#define HAVE_STDINT_H 1
#define HAVE_UNISTD_H 1
#define HAVE_FL_FL_H 1
#define HAVE_LIBFLTK 1
#define HAVE_LIBFLTK_IMAGES 1
#define HAVE_STDLIB_H 1
#define HAVE_STRING_H 1
#define HAVE_UNISTD_H 1
#define HAVE_STDLIB_H 1
#define HAVE_MALLOC 0
#define malloc rpl_malloc
#define HAVE_STRDUP 1

configure: exit 0
